2026-02-19 10:04:48 INFO  org.springframework.web.servlet.DispatcherServlet - Initializing Servlet 'dispatcher'
2026-02-19 10:04:50 INFO  org.springframework.web.servlet.DispatcherServlet - Completed initialization in 1378 ms
2026-02-19 10:04:56 WARN  org.springframework.web.servlet.PageNotFound - No mapping for GET /SpringSecurityRegistration/
2026-02-19 10:04:56 WARN  org.springframework.web.servlet.PageNotFound - No endpoint GET /SpringSecurityRegistration/.
2026-02-19 10:05:01 INFO  org.mind.controller.HomeController - Application loaded , logger implementation successfully 
2026-02-19 10:06:18 INFO  org.springframework.web.servlet.DispatcherServlet - Initializing Servlet 'dispatcher'
2026-02-19 10:06:19 INFO  org.springframework.web.servlet.DispatcherServlet - Completed initialization in 1540 ms
2026-02-19 10:06:37 INFO  org.springframework.web.servlet.DispatcherServlet - Initializing Servlet 'dispatcher'
2026-02-19 10:06:39 INFO  org.springframework.web.servlet.DispatcherServlet - Completed initialization in 1392 ms
2026-02-19 10:06:47 INFO  org.mind.controller.HomeController - Application loaded , logger implementation successfully 
2026-02-19 10:07:07 INFO  org.mind.controller.HomeController - Registration Successful
2026-02-19 10:33:31 INFO  org.springframework.web.servlet.DispatcherServlet - Initializing Servlet 'dispatcher'
2026-02-19 10:33:32 INFO  org.springframework.web.servlet.DispatcherServlet - Completed initialization in 1373 ms
2026-02-19 10:33:42 WARN  org.springframework.web.servlet.PageNotFound - No mapping for GET /SpringSecurityRegistration/
2026-02-19 10:33:42 WARN  org.springframework.web.servlet.PageNotFound - No endpoint GET /SpringSecurityRegistration/.
2026-02-19 10:33:52 WARN  org.springframework.web.servlet.mvc.support.DefaultHandlerExceptionResolver - Resolved [org.springframework.web.HttpRequestMethodNotSupportedException: Request method 'GET' is not supported]
2026-02-19 10:33:57 INFO  org.mind.controller.HomeController - Application loaded , logger implementation successfully 
2026-02-19 10:38:02 WARN  org.springframework.web.servlet.mvc.support.DefaultHandlerExceptionResolver - Resolved [org.springframework.web.HttpRequestMethodNotSupportedException: Request method 'GET' is not supported]
2026-02-19 10:38:09 WARN  org.springframework.web.servlet.mvc.support.DefaultHandlerExceptionResolver - Resolved [org.springframework.web.HttpRequestMethodNotSupportedException: Request method 'GET' is not supported]
2026-02-19 10:38:12 INFO  org.springframework.web.servlet.DispatcherServlet - Initializing Servlet 'dispatcher'
2026-02-19 10:38:14 INFO  org.springframework.web.servlet.DispatcherServlet - Completed initialization in 1891 ms
2026-02-19 10:39:07 INFO  org.springframework.web.servlet.DispatcherServlet - Initializing Servlet 'dispatcher'
2026-02-19 10:39:08 INFO  org.springframework.web.servlet.DispatcherServlet - Completed initialization in 1401 ms
2026-02-19 10:40:20 INFO  org.mind.controller.HomeController - Login page rendering 
2026-02-19 10:40:34 INFO  org.springframework.web.servlet.DispatcherServlet - Initializing Servlet 'dispatcher'
2026-02-19 10:40:35 WARN  org.springframework.web.context.support.AnnotationConfigWebApplicationContext - Exception encountered during context initialization - cancelling refresh attempt: org.springframework.beans.factory.BeanCreationException: Error creating bean with name 'requestMappingHandlerMapping' defined in org.springframework.web.servlet.config.annotation.DelegatingWebMvcConfiguration: Ambiguous mapping. Cannot map 'homeController' method 
org.mind.controller.HomeController#openLoginPage()
to {POST [/login]}: There is already 'homeController' bean method
org.mind.controller.HomeController#loginCheck(String, String, Model) mapped.
2026-02-19 10:40:35 ERROR org.springframework.web.servlet.DispatcherServlet - Context initialization failed
org.springframework.beans.factory.BeanCreationException: Error creating bean with name 'requestMappingHandlerMapping' defined in org.springframework.web.servlet.config.annotation.DelegatingWebMvcConfiguration: Ambiguous mapping. Cannot map 'homeController' method 
org.mind.controller.HomeController#openLoginPage()
to {POST [/login]}: There is already 'homeController' bean method
org.mind.controller.HomeController#loginCheck(String, String, Model) mapped.
	at org.springframework.beans.factory.support.AbstractAutowireCapableBeanFactory.initializeBean(AbstractAutowireCapableBeanFactory.java:1786)
	at org.springframework.beans.factory.support.AbstractAutowireCapableBeanFactory.doCreateBean(AbstractAutowireCapableBeanFactory.java:600)
	at org.springframework.beans.factory.support.AbstractAutowireCapableBeanFactory.createBean(AbstractAutowireCapableBeanFactory.java:522)
	at org.springframework.beans.factory.support.AbstractBeanFactory.lambda$doGetBean$0(AbstractBeanFactory.java:326)
	at org.springframework.beans.factory.support.DefaultSingletonBeanRegistry.getSingleton(DefaultSingletonBeanRegistry.java:234)
	at org.springframework.beans.factory.support.AbstractBeanFactory.doGetBean(AbstractBeanFactory.java:324)
	at org.springframework.beans.factory.support.AbstractBeanFactory.getBean(AbstractBeanFactory.java:200)
	at org.springframework.beans.factory.support.DefaultListableBeanFactory.preInstantiateSingletons(DefaultListableBeanFactory.java:975)
	at org.springframework.context.support.AbstractApplicationContext.finishBeanFactoryInitialization(AbstractApplicationContext.java:962)
	at org.springframework.context.support.AbstractApplicationContext.refresh(AbstractApplicationContext.java:624)
	at org.springframework.web.servlet.FrameworkServlet.configureAndRefreshWebApplicationContext(FrameworkServlet.java:706)
	at org.springframework.web.servlet.FrameworkServlet.initWebApplicationContext(FrameworkServlet.java:583)
	at org.springframework.web.servlet.FrameworkServlet.initServletBean(FrameworkServlet.java:537)
	at org.springframework.web.servlet.HttpServletBean.init(HttpServletBean.java:169)
	at jakarta.servlet.GenericServlet.init(GenericServlet.java:143)
	at jakarta.servlet.http.HttpServlet.init(HttpServlet.java:121)
	at org.apache.catalina.core.StandardWrapper.initServlet(StandardWrapper.java:840)
	at org.apache.catalina.core.StandardWrapper.load(StandardWrapper.java:704)
	at org.apache.catalina.core.StandardContext.loadOnStartup(StandardContext.java:4209)
	at org.apache.catalina.core.StandardContext.startInternal(StandardContext.java:4496)
	at org.apache.catalina.util.LifecycleBase.start(LifecycleBase.java:164)
	at org.apache.catalina.core.StandardContext.reload(StandardContext.java:3250)
	at org.apache.catalina.loader.WebappLoader.backgroundProcess(WebappLoader.java:230)
	at org.apache.catalina.core.StandardContext.backgroundProcess(StandardContext.java:4817)
	at org.apache.catalina.core.ContainerBase$ContainerBackgroundProcessor.processChildren(ContainerBase.java:1170)
	at org.apache.catalina.core.ContainerBase$ContainerBackgroundProcessor.processChildren(ContainerBase.java:1174)
	at org.apache.catalina.core.ContainerBase$ContainerBackgroundProcessor.processChildren(ContainerBase.java:1174)
	at org.apache.catalina.core.ContainerBase$ContainerBackgroundProcessor.run(ContainerBase.java:1152)
	at java.base/java.util.concurrent.Executors$RunnableAdapter.call(Executors.java:572)
	at java.base/java.util.concurrent.FutureTask.runAndReset(FutureTask.java:358)
	at java.base/java.util.concurrent.ScheduledThreadPoolExecutor$ScheduledFutureTask.run(ScheduledThreadPoolExecutor.java:305)
	at java.base/java.util.concurrent.ThreadPoolExecutor.runWorker(ThreadPoolExecutor.java:1144)
	at java.base/java.util.concurrent.ThreadPoolExecutor$Worker.run(ThreadPoolExecutor.java:642)
	at org.apache.tomcat.util.threads.TaskThread$WrappingRunnable.run(TaskThread.java:63)
	at java.base/java.lang.Thread.run(Thread.java:1583)
Caused by: java.lang.IllegalStateException: Ambiguous mapping. Cannot map 'homeController' method 
org.mind.controller.HomeController#openLoginPage()
to {POST [/login]}: There is already 'homeController' bean method
org.mind.controller.HomeController#loginCheck(String, String, Model) mapped.
	at org.springframework.web.servlet.handler.AbstractHandlerMethodMapping$MappingRegistry.validateMethodMapping(AbstractHandlerMethodMapping.java:674)
	at org.springframework.web.servlet.handler.AbstractHandlerMethodMapping$MappingRegistry.register(AbstractHandlerMethodMapping.java:636)
	at org.springframework.web.servlet.handler.AbstractHandlerMethodMapping.registerHandlerMethod(AbstractHandlerMethodMapping.java:331)
	at org.springframework.web.servlet.mvc.method.annotation.RequestMappingHandlerMapping.registerHandlerMethod(RequestMappingHandlerMapping.java:508)
	at org.springframework.web.servlet.mvc.method.annotation.RequestMappingHandlerMapping.registerHandlerMethod(RequestMappingHandlerMapping.java:84)
	at org.springframework.web.servlet.handler.AbstractHandlerMethodMapping.lambda$detectHandlerMethods$2(AbstractHandlerMethodMapping.java:298)
	at java.base/java.util.LinkedHashMap.forEach(LinkedHashMap.java:986)
	at org.springframework.web.servlet.handler.AbstractHandlerMethodMapping.detectHandlerMethods(AbstractHandlerMethodMapping.java:296)
	at org.springframework.web.servlet.handler.AbstractHandlerMethodMapping.processCandidateBean(AbstractHandlerMethodMapping.java:265)
	at org.springframework.web.servlet.handler.AbstractHandlerMethodMapping.initHandlerMethods(AbstractHandlerMethodMapping.java:224)
	at org.springframework.web.servlet.handler.AbstractHandlerMethodMapping.afterPropertiesSet(AbstractHandlerMethodMapping.java:212)
	at org.springframework.web.servlet.mvc.method.annotation.RequestMappingHandlerMapping.afterPropertiesSet(RequestMappingHandlerMapping.java:239)
	at org.springframework.beans.factory.support.AbstractAutowireCapableBeanFactory.invokeInitMethods(AbstractAutowireCapableBeanFactory.java:1833)
	at org.springframework.beans.factory.support.AbstractAutowireCapableBeanFactory.initializeBean(AbstractAutowireCapableBeanFactory.java:1782)
	... 34 common frames omitted
2026-02-19 10:41:25 INFO  org.springframework.web.servlet.DispatcherServlet - Initializing Servlet 'dispatcher'
2026-02-19 10:41:26 WARN  org.springframework.web.context.support.AnnotationConfigWebApplicationContext - Exception encountered during context initialization - cancelling refresh attempt: org.springframework.beans.factory.BeanCreationException: Error creating bean with name 'requestMappingHandlerMapping' defined in org.springframework.web.servlet.config.annotation.DelegatingWebMvcConfiguration: Ambiguous mapping. Cannot map 'homeController' method 
org.mind.controller.HomeController#openLoginPage()
to {POST [/login]}: There is already 'homeController' bean method
org.mind.controller.HomeController#loginCheck(String, String, Model) mapped.
2026-02-19 10:41:26 ERROR org.springframework.web.servlet.DispatcherServlet - Context initialization failed
org.springframework.beans.factory.BeanCreationException: Error creating bean with name 'requestMappingHandlerMapping' defined in org.springframework.web.servlet.config.annotation.DelegatingWebMvcConfiguration: Ambiguous mapping. Cannot map 'homeController' method 
org.mind.controller.HomeController#openLoginPage()
to {POST [/login]}: There is already 'homeController' bean method
org.mind.controller.HomeController#loginCheck(String, String, Model) mapped.
	at org.springframework.beans.factory.support.AbstractAutowireCapableBeanFactory.initializeBean(AbstractAutowireCapableBeanFactory.java:1786)
	at org.springframework.beans.factory.support.AbstractAutowireCapableBeanFactory.doCreateBean(AbstractAutowireCapableBeanFactory.java:600)
	at org.springframework.beans.factory.support.AbstractAutowireCapableBeanFactory.createBean(AbstractAutowireCapableBeanFactory.java:522)
	at org.springframework.beans.factory.support.AbstractBeanFactory.lambda$doGetBean$0(AbstractBeanFactory.java:326)
	at org.springframework.beans.factory.support.DefaultSingletonBeanRegistry.getSingleton(DefaultSingletonBeanRegistry.java:234)
	at org.springframework.beans.factory.support.AbstractBeanFactory.doGetBean(AbstractBeanFactory.java:324)
	at org.springframework.beans.factory.support.AbstractBeanFactory.getBean(AbstractBeanFactory.java:200)
	at org.springframework.beans.factory.support.DefaultListableBeanFactory.preInstantiateSingletons(DefaultListableBeanFactory.java:975)
	at org.springframework.context.support.AbstractApplicationContext.finishBeanFactoryInitialization(AbstractApplicationContext.java:962)
	at org.springframework.context.support.AbstractApplicationContext.refresh(AbstractApplicationContext.java:624)
	at org.springframework.web.servlet.FrameworkServlet.configureAndRefreshWebApplicationContext(FrameworkServlet.java:706)
	at org.springframework.web.servlet.FrameworkServlet.initWebApplicationContext(FrameworkServlet.java:583)
	at org.springframework.web.servlet.FrameworkServlet.initServletBean(FrameworkServlet.java:537)
	at org.springframework.web.servlet.HttpServletBean.init(HttpServletBean.java:169)
	at jakarta.servlet.GenericServlet.init(GenericServlet.java:143)
	at jakarta.servlet.http.HttpServlet.init(HttpServlet.java:121)
	at org.apache.catalina.core.StandardWrapper.initServlet(StandardWrapper.java:840)
	at org.apache.catalina.core.StandardWrapper.load(StandardWrapper.java:704)
	at org.apache.catalina.core.StandardContext.loadOnStartup(StandardContext.java:4209)
	at org.apache.catalina.core.StandardContext.startInternal(StandardContext.java:4496)
	at org.apache.catalina.util.LifecycleBase.start(LifecycleBase.java:164)
	at org.apache.catalina.core.StandardContext.reload(StandardContext.java:3250)
	at org.apache.catalina.loader.WebappLoader.backgroundProcess(WebappLoader.java:230)
	at org.apache.catalina.core.StandardContext.backgroundProcess(StandardContext.java:4817)
	at org.apache.catalina.core.ContainerBase$ContainerBackgroundProcessor.processChildren(ContainerBase.java:1170)
	at org.apache.catalina.core.ContainerBase$ContainerBackgroundProcessor.processChildren(ContainerBase.java:1174)
	at org.apache.catalina.core.ContainerBase$ContainerBackgroundProcessor.processChildren(ContainerBase.java:1174)
	at org.apache.catalina.core.ContainerBase$ContainerBackgroundProcessor.run(ContainerBase.java:1152)
	at java.base/java.util.concurrent.Executors$RunnableAdapter.call(Executors.java:572)
	at java.base/java.util.concurrent.FutureTask.runAndReset(FutureTask.java:358)
	at java.base/java.util.concurrent.ScheduledThreadPoolExecutor$ScheduledFutureTask.run(ScheduledThreadPoolExecutor.java:305)
	at java.base/java.util.concurrent.ThreadPoolExecutor.runWorker(ThreadPoolExecutor.java:1144)
	at java.base/java.util.concurrent.ThreadPoolExecutor$Worker.run(ThreadPoolExecutor.java:642)
	at org.apache.tomcat.util.threads.TaskThread$WrappingRunnable.run(TaskThread.java:63)
	at java.base/java.lang.Thread.run(Thread.java:1583)
Caused by: java.lang.IllegalStateException: Ambiguous mapping. Cannot map 'homeController' method 
org.mind.controller.HomeController#openLoginPage()
to {POST [/login]}: There is already 'homeController' bean method
org.mind.controller.HomeController#loginCheck(String, String, Model) mapped.
	at org.springframework.web.servlet.handler.AbstractHandlerMethodMapping$MappingRegistry.validateMethodMapping(AbstractHandlerMethodMapping.java:674)
	at org.springframework.web.servlet.handler.AbstractHandlerMethodMapping$MappingRegistry.register(AbstractHandlerMethodMapping.java:636)
	at org.springframework.web.servlet.handler.AbstractHandlerMethodMapping.registerHandlerMethod(AbstractHandlerMethodMapping.java:331)
	at org.springframework.web.servlet.mvc.method.annotation.RequestMappingHandlerMapping.registerHandlerMethod(RequestMappingHandlerMapping.java:508)
	at org.springframework.web.servlet.mvc.method.annotation.RequestMappingHandlerMapping.registerHandlerMethod(RequestMappingHandlerMapping.java:84)
	at org.springframework.web.servlet.handler.AbstractHandlerMethodMapping.lambda$detectHandlerMethods$2(AbstractHandlerMethodMapping.java:298)
	at java.base/java.util.LinkedHashMap.forEach(LinkedHashMap.java:986)
	at org.springframework.web.servlet.handler.AbstractHandlerMethodMapping.detectHandlerMethods(AbstractHandlerMethodMapping.java:296)
	at org.springframework.web.servlet.handler.AbstractHandlerMethodMapping.processCandidateBean(AbstractHandlerMethodMapping.java:265)
	at org.springframework.web.servlet.handler.AbstractHandlerMethodMapping.initHandlerMethods(AbstractHandlerMethodMapping.java:224)
	at org.springframework.web.servlet.handler.AbstractHandlerMethodMapping.afterPropertiesSet(AbstractHandlerMethodMapping.java:212)
	at org.springframework.web.servlet.mvc.method.annotation.RequestMappingHandlerMapping.afterPropertiesSet(RequestMappingHandlerMapping.java:239)
	at org.springframework.beans.factory.support.AbstractAutowireCapableBeanFactory.invokeInitMethods(AbstractAutowireCapableBeanFactory.java:1833)
	at org.springframework.beans.factory.support.AbstractAutowireCapableBeanFactory.initializeBean(AbstractAutowireCapableBeanFactory.java:1782)
	... 34 common frames omitted
2026-02-19 10:43:10 INFO  org.springframework.web.servlet.DispatcherServlet - Initializing Servlet 'dispatcher'
2026-02-19 10:43:11 WARN  org.springframework.web.context.support.AnnotationConfigWebApplicationContext - Exception encountered during context initialization - cancelling refresh attempt: org.springframework.beans.factory.BeanCreationException: Error creating bean with name 'requestMappingHandlerMapping' defined in org.springframework.web.servlet.config.annotation.DelegatingWebMvcConfiguration: Ambiguous mapping. Cannot map 'homeController' method 
org.mind.controller.HomeController#openLoginPage()
to {POST [/login]}: There is already 'homeController' bean method
org.mind.controller.HomeController#loginCheck(String, String, Model) mapped.
2026-02-19 10:43:11 ERROR org.springframework.web.servlet.DispatcherServlet - Context initialization failed
org.springframework.beans.factory.BeanCreationException: Error creating bean with name 'requestMappingHandlerMapping' defined in org.springframework.web.servlet.config.annotation.DelegatingWebMvcConfiguration: Ambiguous mapping. Cannot map 'homeController' method 
org.mind.controller.HomeController#openLoginPage()
to {POST [/login]}: There is already 'homeController' bean method
org.mind.controller.HomeController#loginCheck(String, String, Model) mapped.
	at org.springframework.beans.factory.support.AbstractAutowireCapableBeanFactory.initializeBean(AbstractAutowireCapableBeanFactory.java:1786)
	at org.springframework.beans.factory.support.AbstractAutowireCapableBeanFactory.doCreateBean(AbstractAutowireCapableBeanFactory.java:600)
	at org.springframework.beans.factory.support.AbstractAutowireCapableBeanFactory.createBean(AbstractAutowireCapableBeanFactory.java:522)
	at org.springframework.beans.factory.support.AbstractBeanFactory.lambda$doGetBean$0(AbstractBeanFactory.java:326)
	at org.springframework.beans.factory.support.DefaultSingletonBeanRegistry.getSingleton(DefaultSingletonBeanRegistry.java:234)
	at org.springframework.beans.factory.support.AbstractBeanFactory.doGetBean(AbstractBeanFactory.java:324)
	at org.springframework.beans.factory.support.AbstractBeanFactory.getBean(AbstractBeanFactory.java:200)
	at org.springframework.beans.factory.support.DefaultListableBeanFactory.preInstantiateSingletons(DefaultListableBeanFactory.java:975)
	at org.springframework.context.support.AbstractApplicationContext.finishBeanFactoryInitialization(AbstractApplicationContext.java:962)
	at org.springframework.context.support.AbstractApplicationContext.refresh(AbstractApplicationContext.java:624)
	at org.springframework.web.servlet.FrameworkServlet.configureAndRefreshWebApplicationContext(FrameworkServlet.java:706)
	at org.springframework.web.servlet.FrameworkServlet.initWebApplicationContext(FrameworkServlet.java:583)
	at org.springframework.web.servlet.FrameworkServlet.initServletBean(FrameworkServlet.java:537)
	at org.springframework.web.servlet.HttpServletBean.init(HttpServletBean.java:169)
	at jakarta.servlet.GenericServlet.init(GenericServlet.java:143)
	at jakarta.servlet.http.HttpServlet.init(HttpServlet.java:121)
	at org.apache.catalina.core.StandardWrapper.initServlet(StandardWrapper.java:840)
	at org.apache.catalina.core.StandardWrapper.load(StandardWrapper.java:704)
	at org.apache.catalina.core.StandardContext.loadOnStartup(StandardContext.java:4209)
	at org.apache.catalina.core.StandardContext.startInternal(StandardContext.java:4496)
	at org.apache.catalina.util.LifecycleBase.start(LifecycleBase.java:164)
	at org.apache.catalina.core.StandardContext.reload(StandardContext.java:3250)
	at org.apache.catalina.loader.WebappLoader.backgroundProcess(WebappLoader.java:230)
	at org.apache.catalina.core.StandardContext.backgroundProcess(StandardContext.java:4817)
	at org.apache.catalina.core.ContainerBase$ContainerBackgroundProcessor.processChildren(ContainerBase.java:1170)
	at org.apache.catalina.core.ContainerBase$ContainerBackgroundProcessor.processChildren(ContainerBase.java:1174)
	at org.apache.catalina.core.ContainerBase$ContainerBackgroundProcessor.processChildren(ContainerBase.java:1174)
	at org.apache.catalina.core.ContainerBase$ContainerBackgroundProcessor.run(ContainerBase.java:1152)
	at java.base/java.util.concurrent.Executors$RunnableAdapter.call(Executors.java:572)
	at java.base/java.util.concurrent.FutureTask.runAndReset(FutureTask.java:358)
	at java.base/java.util.concurrent.ScheduledThreadPoolExecutor$ScheduledFutureTask.run(ScheduledThreadPoolExecutor.java:305)
	at java.base/java.util.concurrent.ThreadPoolExecutor.runWorker(ThreadPoolExecutor.java:1144)
	at java.base/java.util.concurrent.ThreadPoolExecutor$Worker.run(ThreadPoolExecutor.java:642)
	at org.apache.tomcat.util.threads.TaskThread$WrappingRunnable.run(TaskThread.java:63)
	at java.base/java.lang.Thread.run(Thread.java:1583)
Caused by: java.lang.IllegalStateException: Ambiguous mapping. Cannot map 'homeController' method 
org.mind.controller.HomeController#openLoginPage()
to {POST [/login]}: There is already 'homeController' bean method
org.mind.controller.HomeController#loginCheck(String, String, Model) mapped.
	at org.springframework.web.servlet.handler.AbstractHandlerMethodMapping$MappingRegistry.validateMethodMapping(AbstractHandlerMethodMapping.java:674)
	at org.springframework.web.servlet.handler.AbstractHandlerMethodMapping$MappingRegistry.register(AbstractHandlerMethodMapping.java:636)
	at org.springframework.web.servlet.handler.AbstractHandlerMethodMapping.registerHandlerMethod(AbstractHandlerMethodMapping.java:331)
	at org.springframework.web.servlet.mvc.method.annotation.RequestMappingHandlerMapping.registerHandlerMethod(RequestMappingHandlerMapping.java:508)
	at org.springframework.web.servlet.mvc.method.annotation.RequestMappingHandlerMapping.registerHandlerMethod(RequestMappingHandlerMapping.java:84)
	at org.springframework.web.servlet.handler.AbstractHandlerMethodMapping.lambda$detectHandlerMethods$2(AbstractHandlerMethodMapping.java:298)
	at java.base/java.util.LinkedHashMap.forEach(LinkedHashMap.java:986)
	at org.springframework.web.servlet.handler.AbstractHandlerMethodMapping.detectHandlerMethods(AbstractHandlerMethodMapping.java:296)
	at org.springframework.web.servlet.handler.AbstractHandlerMethodMapping.processCandidateBean(AbstractHandlerMethodMapping.java:265)
	at org.springframework.web.servlet.handler.AbstractHandlerMethodMapping.initHandlerMethods(AbstractHandlerMethodMapping.java:224)
	at org.springframework.web.servlet.handler.AbstractHandlerMethodMapping.afterPropertiesSet(AbstractHandlerMethodMapping.java:212)
	at org.springframework.web.servlet.mvc.method.annotation.RequestMappingHandlerMapping.afterPropertiesSet(RequestMappingHandlerMapping.java:239)
	at org.springframework.beans.factory.support.AbstractAutowireCapableBeanFactory.invokeInitMethods(AbstractAutowireCapableBeanFactory.java:1833)
	at org.springframework.beans.factory.support.AbstractAutowireCapableBeanFactory.initializeBean(AbstractAutowireCapableBeanFactory.java:1782)
	... 34 common frames omitted
2026-02-19 10:43:20 INFO  org.springframework.web.servlet.DispatcherServlet - Initializing Servlet 'dispatcher'
2026-02-19 10:43:20 WARN  org.springframework.web.context.support.AnnotationConfigWebApplicationContext - Exception encountered during context initialization - cancelling refresh attempt: org.springframework.beans.factory.BeanCreationException: Error creating bean with name 'requestMappingHandlerMapping' defined in org.springframework.web.servlet.config.annotation.DelegatingWebMvcConfiguration: Ambiguous mapping. Cannot map 'homeController' method 
org.mind.controller.HomeController#openLoginPage()
to {POST [/login]}: There is already 'homeController' bean method
org.mind.controller.HomeController#loginCheck(String, String, Model) mapped.
2026-02-19 10:43:20 ERROR org.springframework.web.servlet.DispatcherServlet - Context initialization failed
org.springframework.beans.factory.BeanCreationException: Error creating bean with name 'requestMappingHandlerMapping' defined in org.springframework.web.servlet.config.annotation.DelegatingWebMvcConfiguration: Ambiguous mapping. Cannot map 'homeController' method 
org.mind.controller.HomeController#openLoginPage()
to {POST [/login]}: There is already 'homeController' bean method
org.mind.controller.HomeController#loginCheck(String, String, Model) mapped.
	at org.springframework.beans.factory.support.AbstractAutowireCapableBeanFactory.initializeBean(AbstractAutowireCapableBeanFactory.java:1786)
	at org.springframework.beans.factory.support.AbstractAutowireCapableBeanFactory.doCreateBean(AbstractAutowireCapableBeanFactory.java:600)
	at org.springframework.beans.factory.support.AbstractAutowireCapableBeanFactory.createBean(AbstractAutowireCapableBeanFactory.java:522)
	at org.springframework.beans.factory.support.AbstractBeanFactory.lambda$doGetBean$0(AbstractBeanFactory.java:326)
	at org.springframework.beans.factory.support.DefaultSingletonBeanRegistry.getSingleton(DefaultSingletonBeanRegistry.java:234)
	at org.springframework.beans.factory.support.AbstractBeanFactory.doGetBean(AbstractBeanFactory.java:324)
	at org.springframework.beans.factory.support.AbstractBeanFactory.getBean(AbstractBeanFactory.java:200)
	at org.springframework.beans.factory.support.DefaultListableBeanFactory.preInstantiateSingletons(DefaultListableBeanFactory.java:975)
	at org.springframework.context.support.AbstractApplicationContext.finishBeanFactoryInitialization(AbstractApplicationContext.java:962)
	at org.springframework.context.support.AbstractApplicationContext.refresh(AbstractApplicationContext.java:624)
	at org.springframework.web.servlet.FrameworkServlet.configureAndRefreshWebApplicationContext(FrameworkServlet.java:706)
	at org.springframework.web.servlet.FrameworkServlet.initWebApplicationContext(FrameworkServlet.java:583)
	at org.springframework.web.servlet.FrameworkServlet.initServletBean(FrameworkServlet.java:537)
	at org.springframework.web.servlet.HttpServletBean.init(HttpServletBean.java:169)
	at jakarta.servlet.GenericServlet.init(GenericServlet.java:143)
	at jakarta.servlet.http.HttpServlet.init(HttpServlet.java:121)
	at org.apache.catalina.core.StandardWrapper.initServlet(StandardWrapper.java:840)
	at org.apache.catalina.core.StandardWrapper.allocate(StandardWrapper.java:591)
	at org.apache.catalina.core.StandardWrapperValve.invoke(StandardWrapperValve.java:113)
	at org.apache.catalina.core.StandardContextValve.invoke(StandardContextValve.java:88)
	at org.apache.catalina.authenticator.AuthenticatorBase.invoke(AuthenticatorBase.java:482)
	at org.apache.catalina.core.StandardHostValve.invoke(StandardHostValve.java:113)
	at org.apache.catalina.valves.ErrorReportValve.invoke(ErrorReportValve.java:83)
	at org.apache.catalina.valves.AbstractAccessLogValve.invoke(AbstractAccessLogValve.java:654)
	at org.apache.catalina.core.StandardEngineValve.invoke(StandardEngineValve.java:72)
	at org.apache.catalina.connector.CoyoteAdapter.service(CoyoteAdapter.java:342)
	at org.apache.coyote.http11.Http11Processor.service(Http11Processor.java:399)
	at org.apache.coyote.AbstractProcessorLight.process(AbstractProcessorLight.java:63)
	at org.apache.coyote.AbstractProtocol$ConnectionHandler.process(AbstractProtocol.java:903)
	at org.apache.tomcat.util.net.NioEndpoint$SocketProcessor.doRun(NioEndpoint.java:1774)
	at org.apache.tomcat.util.net.SocketProcessorBase.run(SocketProcessorBase.java:52)
	at org.apache.tomcat.util.threads.ThreadPoolExecutor.runWorker(ThreadPoolExecutor.java:973)
	at org.apache.tomcat.util.threads.ThreadPoolExecutor$Worker.run(ThreadPoolExecutor.java:491)
	at org.apache.tomcat.util.threads.TaskThread$WrappingRunnable.run(TaskThread.java:63)
	at java.base/java.lang.Thread.run(Thread.java:1583)
Caused by: java.lang.IllegalStateException: Ambiguous mapping. Cannot map 'homeController' method 
org.mind.controller.HomeController#openLoginPage()
to {POST [/login]}: There is already 'homeController' bean method
org.mind.controller.HomeController#loginCheck(String, String, Model) mapped.
	at org.springframework.web.servlet.handler.AbstractHandlerMethodMapping$MappingRegistry.validateMethodMapping(AbstractHandlerMethodMapping.java:674)
	at org.springframework.web.servlet.handler.AbstractHandlerMethodMapping$MappingRegistry.register(AbstractHandlerMethodMapping.java:636)
	at org.springframework.web.servlet.handler.AbstractHandlerMethodMapping.registerHandlerMethod(AbstractHandlerMethodMapping.java:331)
	at org.springframework.web.servlet.mvc.method.annotation.RequestMappingHandlerMapping.registerHandlerMethod(RequestMappingHandlerMapping.java:508)
	at org.springframework.web.servlet.mvc.method.annotation.RequestMappingHandlerMapping.registerHandlerMethod(RequestMappingHandlerMapping.java:84)
	at org.springframework.web.servlet.handler.AbstractHandlerMethodMapping.lambda$detectHandlerMethods$2(AbstractHandlerMethodMapping.java:298)
	at java.base/java.util.LinkedHashMap.forEach(LinkedHashMap.java:986)
	at org.springframework.web.servlet.handler.AbstractHandlerMethodMapping.detectHandlerMethods(AbstractHandlerMethodMapping.java:296)
	at org.springframework.web.servlet.handler.AbstractHandlerMethodMapping.processCandidateBean(AbstractHandlerMethodMapping.java:265)
	at org.springframework.web.servlet.handler.AbstractHandlerMethodMapping.initHandlerMethods(AbstractHandlerMethodMapping.java:224)
	at org.springframework.web.servlet.handler.AbstractHandlerMethodMapping.afterPropertiesSet(AbstractHandlerMethodMapping.java:212)
	at org.springframework.web.servlet.mvc.method.annotation.RequestMappingHandlerMapping.afterPropertiesSet(RequestMappingHandlerMapping.java:239)
	at org.springframework.beans.factory.support.AbstractAutowireCapableBeanFactory.invokeInitMethods(AbstractAutowireCapableBeanFactory.java:1833)
	at org.springframework.beans.factory.support.AbstractAutowireCapableBeanFactory.initializeBean(AbstractAutowireCapableBeanFactory.java:1782)
	... 34 common frames omitted
2026-02-19 10:43:21 INFO  org.springframework.web.servlet.DispatcherServlet - Initializing Servlet 'dispatcher'
2026-02-19 10:43:21 WARN  org.springframework.web.context.support.AnnotationConfigWebApplicationContext - Exception encountered during context initialization - cancelling refresh attempt: org.springframework.beans.factory.BeanCreationException: Error creating bean with name 'requestMappingHandlerMapping' defined in org.springframework.web.servlet.config.annotation.DelegatingWebMvcConfiguration: Ambiguous mapping. Cannot map 'homeController' method 
org.mind.controller.HomeController#openLoginPage()
to {POST [/login]}: There is already 'homeController' bean method
org.mind.controller.HomeController#loginCheck(String, String, Model) mapped.
2026-02-19 10:43:21 ERROR org.springframework.web.servlet.DispatcherServlet - Context initialization failed
org.springframework.beans.factory.BeanCreationException: Error creating bean with name 'requestMappingHandlerMapping' defined in org.springframework.web.servlet.config.annotation.DelegatingWebMvcConfiguration: Ambiguous mapping. Cannot map 'homeController' method 
org.mind.controller.HomeController#openLoginPage()
to {POST [/login]}: There is already 'homeController' bean method
org.mind.controller.HomeController#loginCheck(String, String, Model) mapped.
	at org.springframework.beans.factory.support.AbstractAutowireCapableBeanFactory.initializeBean(AbstractAutowireCapableBeanFactory.java:1786)
	at org.springframework.beans.factory.support.AbstractAutowireCapableBeanFactory.doCreateBean(AbstractAutowireCapableBeanFactory.java:600)
	at org.springframework.beans.factory.support.AbstractAutowireCapableBeanFactory.createBean(AbstractAutowireCapableBeanFactory.java:522)
	at org.springframework.beans.factory.support.AbstractBeanFactory.lambda$doGetBean$0(AbstractBeanFactory.java:326)
	at org.springframework.beans.factory.support.DefaultSingletonBeanRegistry.getSingleton(DefaultSingletonBeanRegistry.java:234)
	at org.springframework.beans.factory.support.AbstractBeanFactory.doGetBean(AbstractBeanFactory.java:324)
	at org.springframework.beans.factory.support.AbstractBeanFactory.getBean(AbstractBeanFactory.java:200)
	at org.springframework.beans.factory.support.DefaultListableBeanFactory.preInstantiateSingletons(DefaultListableBeanFactory.java:975)
	at org.springframework.context.support.AbstractApplicationContext.finishBeanFactoryInitialization(AbstractApplicationContext.java:962)
	at org.springframework.context.support.AbstractApplicationContext.refresh(AbstractApplicationContext.java:624)
	at org.springframework.web.servlet.FrameworkServlet.configureAndRefreshWebApplicationContext(FrameworkServlet.java:706)
	at org.springframework.web.servlet.FrameworkServlet.initWebApplicationContext(FrameworkServlet.java:583)
	at org.springframework.web.servlet.FrameworkServlet.initServletBean(FrameworkServlet.java:537)
	at org.springframework.web.servlet.HttpServletBean.init(HttpServletBean.java:169)
	at jakarta.servlet.GenericServlet.init(GenericServlet.java:143)
	at jakarta.servlet.http.HttpServlet.init(HttpServlet.java:121)
	at org.apache.catalina.core.StandardWrapper.initServlet(StandardWrapper.java:840)
	at org.apache.catalina.core.StandardWrapper.allocate(StandardWrapper.java:591)
	at org.apache.catalina.core.StandardWrapperValve.invoke(StandardWrapperValve.java:113)
	at org.apache.catalina.core.StandardContextValve.invoke(StandardContextValve.java:88)
	at org.apache.catalina.authenticator.AuthenticatorBase.invoke(AuthenticatorBase.java:482)
	at org.apache.catalina.core.StandardHostValve.invoke(StandardHostValve.java:113)
	at org.apache.catalina.valves.ErrorReportValve.invoke(ErrorReportValve.java:83)
	at org.apache.catalina.valves.AbstractAccessLogValve.invoke(AbstractAccessLogValve.java:654)
	at org.apache.catalina.core.StandardEngineValve.invoke(StandardEngineValve.java:72)
	at org.apache.catalina.connector.CoyoteAdapter.service(CoyoteAdapter.java:342)
	at org.apache.coyote.http11.Http11Processor.service(Http11Processor.java:399)
	at org.apache.coyote.AbstractProcessorLight.process(AbstractProcessorLight.java:63)
	at org.apache.coyote.AbstractProtocol$ConnectionHandler.process(AbstractProtocol.java:903)
	at org.apache.tomcat.util.net.NioEndpoint$SocketProcessor.doRun(NioEndpoint.java:1774)
	at org.apache.tomcat.util.net.SocketProcessorBase.run(SocketProcessorBase.java:52)
	at org.apache.tomcat.util.threads.ThreadPoolExecutor.runWorker(ThreadPoolExecutor.java:973)
	at org.apache.tomcat.util.threads.ThreadPoolExecutor$Worker.run(ThreadPoolExecutor.java:491)
	at org.apache.tomcat.util.threads.TaskThread$WrappingRunnable.run(TaskThread.java:63)
	at java.base/java.lang.Thread.run(Thread.java:1583)
Caused by: java.lang.IllegalStateException: Ambiguous mapping. Cannot map 'homeController' method 
org.mind.controller.HomeController#openLoginPage()
to {POST [/login]}: There is already 'homeController' bean method
org.mind.controller.HomeController#loginCheck(String, String, Model) mapped.
	at org.springframework.web.servlet.handler.AbstractHandlerMethodMapping$MappingRegistry.validateMethodMapping(AbstractHandlerMethodMapping.java:674)
	at org.springframework.web.servlet.handler.AbstractHandlerMethodMapping$MappingRegistry.register(AbstractHandlerMethodMapping.java:636)
	at org.springframework.web.servlet.handler.AbstractHandlerMethodMapping.registerHandlerMethod(AbstractHandlerMethodMapping.java:331)
	at org.springframework.web.servlet.mvc.method.annotation.RequestMappingHandlerMapping.registerHandlerMethod(RequestMappingHandlerMapping.java:508)
	at org.springframework.web.servlet.mvc.method.annotation.RequestMappingHandlerMapping.registerHandlerMethod(RequestMappingHandlerMapping.java:84)
	at org.springframework.web.servlet.handler.AbstractHandlerMethodMapping.lambda$detectHandlerMethods$2(AbstractHandlerMethodMapping.java:298)
	at java.base/java.util.LinkedHashMap.forEach(LinkedHashMap.java:986)
	at org.springframework.web.servlet.handler.AbstractHandlerMethodMapping.detectHandlerMethods(AbstractHandlerMethodMapping.java:296)
	at org.springframework.web.servlet.handler.AbstractHandlerMethodMapping.processCandidateBean(AbstractHandlerMethodMapping.java:265)
	at org.springframework.web.servlet.handler.AbstractHandlerMethodMapping.initHandlerMethods(AbstractHandlerMethodMapping.java:224)
	at org.springframework.web.servlet.handler.AbstractHandlerMethodMapping.afterPropertiesSet(AbstractHandlerMethodMapping.java:212)
	at org.springframework.web.servlet.mvc.method.annotation.RequestMappingHandlerMapping.afterPropertiesSet(RequestMappingHandlerMapping.java:239)
	at org.springframework.beans.factory.support.AbstractAutowireCapableBeanFactory.invokeInitMethods(AbstractAutowireCapableBeanFactory.java:1833)
	at org.springframework.beans.factory.support.AbstractAutowireCapableBeanFactory.initializeBean(AbstractAutowireCapableBeanFactory.java:1782)
	... 34 common frames omitted
2026-02-19 10:43:26 INFO  org.springframework.web.servlet.DispatcherServlet - Initializing Servlet 'dispatcher'
2026-02-19 10:43:26 WARN  org.springframework.web.context.support.AnnotationConfigWebApplicationContext - Exception encountered during context initialization - cancelling refresh attempt: org.springframework.beans.factory.BeanCreationException: Error creating bean with name 'requestMappingHandlerMapping' defined in org.springframework.web.servlet.config.annotation.DelegatingWebMvcConfiguration: Ambiguous mapping. Cannot map 'homeController' method 
org.mind.controller.HomeController#openLoginPage()
to {POST [/login]}: There is already 'homeController' bean method
org.mind.controller.HomeController#loginCheck(String, String, Model) mapped.
2026-02-19 10:43:26 ERROR org.springframework.web.servlet.DispatcherServlet - Context initialization failed
org.springframework.beans.factory.BeanCreationException: Error creating bean with name 'requestMappingHandlerMapping' defined in org.springframework.web.servlet.config.annotation.DelegatingWebMvcConfiguration: Ambiguous mapping. Cannot map 'homeController' method 
org.mind.controller.HomeController#openLoginPage()
to {POST [/login]}: There is already 'homeController' bean method
org.mind.controller.HomeController#loginCheck(String, String, Model) mapped.
	at org.springframework.beans.factory.support.AbstractAutowireCapableBeanFactory.initializeBean(AbstractAutowireCapableBeanFactory.java:1786)
	at org.springframework.beans.factory.support.AbstractAutowireCapableBeanFactory.doCreateBean(AbstractAutowireCapableBeanFactory.java:600)
	at org.springframework.beans.factory.support.AbstractAutowireCapableBeanFactory.createBean(AbstractAutowireCapableBeanFactory.java:522)
	at org.springframework.beans.factory.support.AbstractBeanFactory.lambda$doGetBean$0(AbstractBeanFactory.java:326)
	at org.springframework.beans.factory.support.DefaultSingletonBeanRegistry.getSingleton(DefaultSingletonBeanRegistry.java:234)
	at org.springframework.beans.factory.support.AbstractBeanFactory.doGetBean(AbstractBeanFactory.java:324)
	at org.springframework.beans.factory.support.AbstractBeanFactory.getBean(AbstractBeanFactory.java:200)
	at org.springframework.beans.factory.support.DefaultListableBeanFactory.preInstantiateSingletons(DefaultListableBeanFactory.java:975)
	at org.springframework.context.support.AbstractApplicationContext.finishBeanFactoryInitialization(AbstractApplicationContext.java:962)
	at org.springframework.context.support.AbstractApplicationContext.refresh(AbstractApplicationContext.java:624)
	at org.springframework.web.servlet.FrameworkServlet.configureAndRefreshWebApplicationContext(FrameworkServlet.java:706)
	at org.springframework.web.servlet.FrameworkServlet.initWebApplicationContext(FrameworkServlet.java:583)
	at org.springframework.web.servlet.FrameworkServlet.initServletBean(FrameworkServlet.java:537)
	at org.springframework.web.servlet.HttpServletBean.init(HttpServletBean.java:169)
	at jakarta.servlet.GenericServlet.init(GenericServlet.java:143)
	at jakarta.servlet.http.HttpServlet.init(HttpServlet.java:121)
	at org.apache.catalina.core.StandardWrapper.initServlet(StandardWrapper.java:840)
	at org.apache.catalina.core.StandardWrapper.allocate(StandardWrapper.java:591)
	at org.apache.catalina.core.StandardWrapperValve.invoke(StandardWrapperValve.java:113)
	at org.apache.catalina.core.StandardContextValve.invoke(StandardContextValve.java:88)
	at org.apache.catalina.authenticator.AuthenticatorBase.invoke(AuthenticatorBase.java:482)
	at org.apache.catalina.core.StandardHostValve.invoke(StandardHostValve.java:113)
	at org.apache.catalina.valves.ErrorReportValve.invoke(ErrorReportValve.java:83)
	at org.apache.catalina.valves.AbstractAccessLogValve.invoke(AbstractAccessLogValve.java:654)
	at org.apache.catalina.core.StandardEngineValve.invoke(StandardEngineValve.java:72)
	at org.apache.catalina.connector.CoyoteAdapter.service(CoyoteAdapter.java:342)
	at org.apache.coyote.http11.Http11Processor.service(Http11Processor.java:399)
	at org.apache.coyote.AbstractProcessorLight.process(AbstractProcessorLight.java:63)
	at org.apache.coyote.AbstractProtocol$ConnectionHandler.process(AbstractProtocol.java:903)
	at org.apache.tomcat.util.net.NioEndpoint$SocketProcessor.doRun(NioEndpoint.java:1774)
	at org.apache.tomcat.util.net.SocketProcessorBase.run(SocketProcessorBase.java:52)
	at org.apache.tomcat.util.threads.ThreadPoolExecutor.runWorker(ThreadPoolExecutor.java:973)
	at org.apache.tomcat.util.threads.ThreadPoolExecutor$Worker.run(ThreadPoolExecutor.java:491)
	at org.apache.tomcat.util.threads.TaskThread$WrappingRunnable.run(TaskThread.java:63)
	at java.base/java.lang.Thread.run(Thread.java:1583)
Caused by: java.lang.IllegalStateException: Ambiguous mapping. Cannot map 'homeController' method 
org.mind.controller.HomeController#openLoginPage()
to {POST [/login]}: There is already 'homeController' bean method
org.mind.controller.HomeController#loginCheck(String, String, Model) mapped.
	at org.springframework.web.servlet.handler.AbstractHandlerMethodMapping$MappingRegistry.validateMethodMapping(AbstractHandlerMethodMapping.java:674)
	at org.springframework.web.servlet.handler.AbstractHandlerMethodMapping$MappingRegistry.register(AbstractHandlerMethodMapping.java:636)
	at org.springframework.web.servlet.handler.AbstractHandlerMethodMapping.registerHandlerMethod(AbstractHandlerMethodMapping.java:331)
	at org.springframework.web.servlet.mvc.method.annotation.RequestMappingHandlerMapping.registerHandlerMethod(RequestMappingHandlerMapping.java:508)
	at org.springframework.web.servlet.mvc.method.annotation.RequestMappingHandlerMapping.registerHandlerMethod(RequestMappingHandlerMapping.java:84)
	at org.springframework.web.servlet.handler.AbstractHandlerMethodMapping.lambda$detectHandlerMethods$2(AbstractHandlerMethodMapping.java:298)
	at java.base/java.util.LinkedHashMap.forEach(LinkedHashMap.java:986)
	at org.springframework.web.servlet.handler.AbstractHandlerMethodMapping.detectHandlerMethods(AbstractHandlerMethodMapping.java:296)
	at org.springframework.web.servlet.handler.AbstractHandlerMethodMapping.processCandidateBean(AbstractHandlerMethodMapping.java:265)
	at org.springframework.web.servlet.handler.AbstractHandlerMethodMapping.initHandlerMethods(AbstractHandlerMethodMapping.java:224)
	at org.springframework.web.servlet.handler.AbstractHandlerMethodMapping.afterPropertiesSet(AbstractHandlerMethodMapping.java:212)
	at org.springframework.web.servlet.mvc.method.annotation.RequestMappingHandlerMapping.afterPropertiesSet(RequestMappingHandlerMapping.java:239)
	at org.springframework.beans.factory.support.AbstractAutowireCapableBeanFactory.invokeInitMethods(AbstractAutowireCapableBeanFactory.java:1833)
	at org.springframework.beans.factory.support.AbstractAutowireCapableBeanFactory.initializeBean(AbstractAutowireCapableBeanFactory.java:1782)
	... 34 common frames omitted
2026-02-19 10:47:13 INFO  org.springframework.web.servlet.DispatcherServlet - Initializing Servlet 'dispatcher'
2026-02-19 10:47:14 WARN  org.springframework.web.context.support.AnnotationConfigWebApplicationContext - Exception encountered during context initialization - cancelling refresh attempt: org.springframework.beans.factory.BeanCreationException: Error creating bean with name 'requestMappingHandlerMapping' defined in org.springframework.web.servlet.config.annotation.DelegatingWebMvcConfiguration: Ambiguous mapping. Cannot map 'homeController' method 
org.mind.controller.HomeController#openLoginPage()
to {POST [/login]}: There is already 'homeController' bean method
org.mind.controller.HomeController#loginCheck(String, String, Model) mapped.
2026-02-19 10:47:14 ERROR org.springframework.web.servlet.DispatcherServlet - Context initialization failed
org.springframework.beans.factory.BeanCreationException: Error creating bean with name 'requestMappingHandlerMapping' defined in org.springframework.web.servlet.config.annotation.DelegatingWebMvcConfiguration: Ambiguous mapping. Cannot map 'homeController' method 
org.mind.controller.HomeController#openLoginPage()
to {POST [/login]}: There is already 'homeController' bean method
org.mind.controller.HomeController#loginCheck(String, String, Model) mapped.
	at org.springframework.beans.factory.support.AbstractAutowireCapableBeanFactory.initializeBean(AbstractAutowireCapableBeanFactory.java:1786)
	at org.springframework.beans.factory.support.AbstractAutowireCapableBeanFactory.doCreateBean(AbstractAutowireCapableBeanFactory.java:600)
	at org.springframework.beans.factory.support.AbstractAutowireCapableBeanFactory.createBean(AbstractAutowireCapableBeanFactory.java:522)
	at org.springframework.beans.factory.support.AbstractBeanFactory.lambda$doGetBean$0(AbstractBeanFactory.java:326)
	at org.springframework.beans.factory.support.DefaultSingletonBeanRegistry.getSingleton(DefaultSingletonBeanRegistry.java:234)
	at org.springframework.beans.factory.support.AbstractBeanFactory.doGetBean(AbstractBeanFactory.java:324)
	at org.springframework.beans.factory.support.AbstractBeanFactory.getBean(AbstractBeanFactory.java:200)
	at org.springframework.beans.factory.support.DefaultListableBeanFactory.preInstantiateSingletons(DefaultListableBeanFactory.java:975)
	at org.springframework.context.support.AbstractApplicationContext.finishBeanFactoryInitialization(AbstractApplicationContext.java:962)
	at org.springframework.context.support.AbstractApplicationContext.refresh(AbstractApplicationContext.java:624)
	at org.springframework.web.servlet.FrameworkServlet.configureAndRefreshWebApplicationContext(FrameworkServlet.java:706)
	at org.springframework.web.servlet.FrameworkServlet.initWebApplicationContext(FrameworkServlet.java:583)
	at org.springframework.web.servlet.FrameworkServlet.initServletBean(FrameworkServlet.java:537)
	at org.springframework.web.servlet.HttpServletBean.init(HttpServletBean.java:169)
	at jakarta.servlet.GenericServlet.init(GenericServlet.java:143)
	at jakarta.servlet.http.HttpServlet.init(HttpServlet.java:121)
	at org.apache.catalina.core.StandardWrapper.initServlet(StandardWrapper.java:840)
	at org.apache.catalina.core.StandardWrapper.load(StandardWrapper.java:704)
	at org.apache.catalina.core.StandardContext.loadOnStartup(StandardContext.java:4209)
	at org.apache.catalina.core.StandardContext.startInternal(StandardContext.java:4496)
	at org.apache.catalina.util.LifecycleBase.start(LifecycleBase.java:164)
	at org.apache.catalina.core.StandardContext.reload(StandardContext.java:3250)
	at org.apache.catalina.loader.WebappLoader.backgroundProcess(WebappLoader.java:230)
	at org.apache.catalina.core.StandardContext.backgroundProcess(StandardContext.java:4817)
	at org.apache.catalina.core.ContainerBase$ContainerBackgroundProcessor.processChildren(ContainerBase.java:1170)
	at org.apache.catalina.core.ContainerBase$ContainerBackgroundProcessor.processChildren(ContainerBase.java:1174)
	at org.apache.catalina.core.ContainerBase$ContainerBackgroundProcessor.processChildren(ContainerBase.java:1174)
	at org.apache.catalina.core.ContainerBase$ContainerBackgroundProcessor.run(ContainerBase.java:1152)
	at java.base/java.util.concurrent.Executors$RunnableAdapter.call(Executors.java:572)
	at java.base/java.util.concurrent.FutureTask.runAndReset(FutureTask.java:358)
	at java.base/java.util.concurrent.ScheduledThreadPoolExecutor$ScheduledFutureTask.run(ScheduledThreadPoolExecutor.java:305)
	at java.base/java.util.concurrent.ThreadPoolExecutor.runWorker(ThreadPoolExecutor.java:1144)
	at java.base/java.util.concurrent.ThreadPoolExecutor$Worker.run(ThreadPoolExecutor.java:642)
	at org.apache.tomcat.util.threads.TaskThread$WrappingRunnable.run(TaskThread.java:63)
	at java.base/java.lang.Thread.run(Thread.java:1583)
Caused by: java.lang.IllegalStateException: Ambiguous mapping. Cannot map 'homeController' method 
org.mind.controller.HomeController#openLoginPage()
to {POST [/login]}: There is already 'homeController' bean method
org.mind.controller.HomeController#loginCheck(String, String, Model) mapped.
	at org.springframework.web.servlet.handler.AbstractHandlerMethodMapping$MappingRegistry.validateMethodMapping(AbstractHandlerMethodMapping.java:674)
	at org.springframework.web.servlet.handler.AbstractHandlerMethodMapping$MappingRegistry.register(AbstractHandlerMethodMapping.java:636)
	at org.springframework.web.servlet.handler.AbstractHandlerMethodMapping.registerHandlerMethod(AbstractHandlerMethodMapping.java:331)
	at org.springframework.web.servlet.mvc.method.annotation.RequestMappingHandlerMapping.registerHandlerMethod(RequestMappingHandlerMapping.java:508)
	at org.springframework.web.servlet.mvc.method.annotation.RequestMappingHandlerMapping.registerHandlerMethod(RequestMappingHandlerMapping.java:84)
	at org.springframework.web.servlet.handler.AbstractHandlerMethodMapping.lambda$detectHandlerMethods$2(AbstractHandlerMethodMapping.java:298)
	at java.base/java.util.LinkedHashMap.forEach(LinkedHashMap.java:986)
	at org.springframework.web.servlet.handler.AbstractHandlerMethodMapping.detectHandlerMethods(AbstractHandlerMethodMapping.java:296)
	at org.springframework.web.servlet.handler.AbstractHandlerMethodMapping.processCandidateBean(AbstractHandlerMethodMapping.java:265)
	at org.springframework.web.servlet.handler.AbstractHandlerMethodMapping.initHandlerMethods(AbstractHandlerMethodMapping.java:224)
	at org.springframework.web.servlet.handler.AbstractHandlerMethodMapping.afterPropertiesSet(AbstractHandlerMethodMapping.java:212)
	at org.springframework.web.servlet.mvc.method.annotation.RequestMappingHandlerMapping.afterPropertiesSet(RequestMappingHandlerMapping.java:239)
	at org.springframework.beans.factory.support.AbstractAutowireCapableBeanFactory.invokeInitMethods(AbstractAutowireCapableBeanFactory.java:1833)
	at org.springframework.beans.factory.support.AbstractAutowireCapableBeanFactory.initializeBean(AbstractAutowireCapableBeanFactory.java:1782)
	... 34 common frames omitted
2026-02-19 10:47:55 INFO  org.springframework.web.servlet.DispatcherServlet - Initializing Servlet 'dispatcher'
2026-02-19 10:47:55 WARN  org.springframework.web.context.support.AnnotationConfigWebApplicationContext - Exception encountered during context initialization - cancelling refresh attempt: org.springframework.beans.factory.BeanCreationException: Error creating bean with name 'requestMappingHandlerMapping' defined in org.springframework.web.servlet.config.annotation.DelegatingWebMvcConfiguration: Ambiguous mapping. Cannot map 'homeController' method 
org.mind.controller.HomeController#openLoginPage()
to {POST [/login]}: There is already 'homeController' bean method
org.mind.controller.HomeController#loginCheck(String, String, Model) mapped.
2026-02-19 10:47:55 ERROR org.springframework.web.servlet.DispatcherServlet - Context initialization failed
org.springframework.beans.factory.BeanCreationException: Error creating bean with name 'requestMappingHandlerMapping' defined in org.springframework.web.servlet.config.annotation.DelegatingWebMvcConfiguration: Ambiguous mapping. Cannot map 'homeController' method 
org.mind.controller.HomeController#openLoginPage()
to {POST [/login]}: There is already 'homeController' bean method
org.mind.controller.HomeController#loginCheck(String, String, Model) mapped.
	at org.springframework.beans.factory.support.AbstractAutowireCapableBeanFactory.initializeBean(AbstractAutowireCapableBeanFactory.java:1786)
	at org.springframework.beans.factory.support.AbstractAutowireCapableBeanFactory.doCreateBean(AbstractAutowireCapableBeanFactory.java:600)
	at org.springframework.beans.factory.support.AbstractAutowireCapableBeanFactory.createBean(AbstractAutowireCapableBeanFactory.java:522)
	at org.springframework.beans.factory.support.AbstractBeanFactory.lambda$doGetBean$0(AbstractBeanFactory.java:326)
	at org.springframework.beans.factory.support.DefaultSingletonBeanRegistry.getSingleton(DefaultSingletonBeanRegistry.java:234)
	at org.springframework.beans.factory.support.AbstractBeanFactory.doGetBean(AbstractBeanFactory.java:324)
	at org.springframework.beans.factory.support.AbstractBeanFactory.getBean(AbstractBeanFactory.java:200)
	at org.springframework.beans.factory.support.DefaultListableBeanFactory.preInstantiateSingletons(DefaultListableBeanFactory.java:975)
	at org.springframework.context.support.AbstractApplicationContext.finishBeanFactoryInitialization(AbstractApplicationContext.java:962)
	at org.springframework.context.support.AbstractApplicationContext.refresh(AbstractApplicationContext.java:624)
	at org.springframework.web.servlet.FrameworkServlet.configureAndRefreshWebApplicationContext(FrameworkServlet.java:706)
	at org.springframework.web.servlet.FrameworkServlet.initWebApplicationContext(FrameworkServlet.java:583)
	at org.springframework.web.servlet.FrameworkServlet.initServletBean(FrameworkServlet.java:537)
	at org.springframework.web.servlet.HttpServletBean.init(HttpServletBean.java:169)
	at jakarta.servlet.GenericServlet.init(GenericServlet.java:143)
	at jakarta.servlet.http.HttpServlet.init(HttpServlet.java:121)
	at org.apache.catalina.core.StandardWrapper.initServlet(StandardWrapper.java:840)
	at org.apache.catalina.core.StandardWrapper.allocate(StandardWrapper.java:591)
	at org.apache.catalina.core.StandardWrapperValve.invoke(StandardWrapperValve.java:113)
	at org.apache.catalina.core.StandardContextValve.invoke(StandardContextValve.java:88)
	at org.apache.catalina.authenticator.AuthenticatorBase.invoke(AuthenticatorBase.java:482)
	at org.apache.catalina.core.StandardHostValve.invoke(StandardHostValve.java:113)
	at org.apache.catalina.valves.ErrorReportValve.invoke(ErrorReportValve.java:83)
	at org.apache.catalina.valves.AbstractAccessLogValve.invoke(AbstractAccessLogValve.java:654)
	at org.apache.catalina.core.StandardEngineValve.invoke(StandardEngineValve.java:72)
	at org.apache.catalina.connector.CoyoteAdapter.service(CoyoteAdapter.java:342)
	at org.apache.coyote.http11.Http11Processor.service(Http11Processor.java:399)
	at org.apache.coyote.AbstractProcessorLight.process(AbstractProcessorLight.java:63)
	at org.apache.coyote.AbstractProtocol$ConnectionHandler.process(AbstractProtocol.java:903)
	at org.apache.tomcat.util.net.NioEndpoint$SocketProcessor.doRun(NioEndpoint.java:1774)
	at org.apache.tomcat.util.net.SocketProcessorBase.run(SocketProcessorBase.java:52)
	at org.apache.tomcat.util.threads.ThreadPoolExecutor.runWorker(ThreadPoolExecutor.java:973)
	at org.apache.tomcat.util.threads.ThreadPoolExecutor$Worker.run(ThreadPoolExecutor.java:491)
	at org.apache.tomcat.util.threads.TaskThread$WrappingRunnable.run(TaskThread.java:63)
	at java.base/java.lang.Thread.run(Thread.java:1583)
Caused by: java.lang.IllegalStateException: Ambiguous mapping. Cannot map 'homeController' method 
org.mind.controller.HomeController#openLoginPage()
to {POST [/login]}: There is already 'homeController' bean method
org.mind.controller.HomeController#loginCheck(String, String, Model) mapped.
	at org.springframework.web.servlet.handler.AbstractHandlerMethodMapping$MappingRegistry.validateMethodMapping(AbstractHandlerMethodMapping.java:674)
	at org.springframework.web.servlet.handler.AbstractHandlerMethodMapping$MappingRegistry.register(AbstractHandlerMethodMapping.java:636)
	at org.springframework.web.servlet.handler.AbstractHandlerMethodMapping.registerHandlerMethod(AbstractHandlerMethodMapping.java:331)
	at org.springframework.web.servlet.mvc.method.annotation.RequestMappingHandlerMapping.registerHandlerMethod(RequestMappingHandlerMapping.java:508)
	at org.springframework.web.servlet.mvc.method.annotation.RequestMappingHandlerMapping.registerHandlerMethod(RequestMappingHandlerMapping.java:84)
	at org.springframework.web.servlet.handler.AbstractHandlerMethodMapping.lambda$detectHandlerMethods$2(AbstractHandlerMethodMapping.java:298)
	at java.base/java.util.LinkedHashMap.forEach(LinkedHashMap.java:986)
	at org.springframework.web.servlet.handler.AbstractHandlerMethodMapping.detectHandlerMethods(AbstractHandlerMethodMapping.java:296)
	at org.springframework.web.servlet.handler.AbstractHandlerMethodMapping.processCandidateBean(AbstractHandlerMethodMapping.java:265)
	at org.springframework.web.servlet.handler.AbstractHandlerMethodMapping.initHandlerMethods(AbstractHandlerMethodMapping.java:224)
	at org.springframework.web.servlet.handler.AbstractHandlerMethodMapping.afterPropertiesSet(AbstractHandlerMethodMapping.java:212)
	at org.springframework.web.servlet.mvc.method.annotation.RequestMappingHandlerMapping.afterPropertiesSet(RequestMappingHandlerMapping.java:239)
	at org.springframework.beans.factory.support.AbstractAutowireCapableBeanFactory.invokeInitMethods(AbstractAutowireCapableBeanFactory.java:1833)
	at org.springframework.beans.factory.support.AbstractAutowireCapableBeanFactory.initializeBean(AbstractAutowireCapableBeanFactory.java:1782)
	... 34 common frames omitted
2026-02-19 10:47:56 INFO  org.springframework.web.servlet.DispatcherServlet - Initializing Servlet 'dispatcher'
2026-02-19 10:47:56 WARN  org.springframework.web.context.support.AnnotationConfigWebApplicationContext - Exception encountered during context initialization - cancelling refresh attempt: org.springframework.beans.factory.BeanCreationException: Error creating bean with name 'requestMappingHandlerMapping' defined in org.springframework.web.servlet.config.annotation.DelegatingWebMvcConfiguration: Ambiguous mapping. Cannot map 'homeController' method 
org.mind.controller.HomeController#openLoginPage()
to {POST [/login]}: There is already 'homeController' bean method
org.mind.controller.HomeController#loginCheck(String, String, Model) mapped.
2026-02-19 10:47:56 ERROR org.springframework.web.servlet.DispatcherServlet - Context initialization failed
org.springframework.beans.factory.BeanCreationException: Error creating bean with name 'requestMappingHandlerMapping' defined in org.springframework.web.servlet.config.annotation.DelegatingWebMvcConfiguration: Ambiguous mapping. Cannot map 'homeController' method 
org.mind.controller.HomeController#openLoginPage()
to {POST [/login]}: There is already 'homeController' bean method
org.mind.controller.HomeController#loginCheck(String, String, Model) mapped.
	at org.springframework.beans.factory.support.AbstractAutowireCapableBeanFactory.initializeBean(AbstractAutowireCapableBeanFactory.java:1786)
	at org.springframework.beans.factory.support.AbstractAutowireCapableBeanFactory.doCreateBean(AbstractAutowireCapableBeanFactory.java:600)
	at org.springframework.beans.factory.support.AbstractAutowireCapableBeanFactory.createBean(AbstractAutowireCapableBeanFactory.java:522)
	at org.springframework.beans.factory.support.AbstractBeanFactory.lambda$doGetBean$0(AbstractBeanFactory.java:326)
	at org.springframework.beans.factory.support.DefaultSingletonBeanRegistry.getSingleton(DefaultSingletonBeanRegistry.java:234)
	at org.springframework.beans.factory.support.AbstractBeanFactory.doGetBean(AbstractBeanFactory.java:324)
	at org.springframework.beans.factory.support.AbstractBeanFactory.getBean(AbstractBeanFactory.java:200)
	at org.springframework.beans.factory.support.DefaultListableBeanFactory.preInstantiateSingletons(DefaultListableBeanFactory.java:975)
	at org.springframework.context.support.AbstractApplicationContext.finishBeanFactoryInitialization(AbstractApplicationContext.java:962)
	at org.springframework.context.support.AbstractApplicationContext.refresh(AbstractApplicationContext.java:624)
	at org.springframework.web.servlet.FrameworkServlet.configureAndRefreshWebApplicationContext(FrameworkServlet.java:706)
	at org.springframework.web.servlet.FrameworkServlet.initWebApplicationContext(FrameworkServlet.java:583)
	at org.springframework.web.servlet.FrameworkServlet.initServletBean(FrameworkServlet.java:537)
	at org.springframework.web.servlet.HttpServletBean.init(HttpServletBean.java:169)
	at jakarta.servlet.GenericServlet.init(GenericServlet.java:143)
	at jakarta.servlet.http.HttpServlet.init(HttpServlet.java:121)
	at org.apache.catalina.core.StandardWrapper.initServlet(StandardWrapper.java:840)
	at org.apache.catalina.core.StandardWrapper.allocate(StandardWrapper.java:591)
	at org.apache.catalina.core.StandardWrapperValve.invoke(StandardWrapperValve.java:113)
	at org.apache.catalina.core.StandardContextValve.invoke(StandardContextValve.java:88)
	at org.apache.catalina.authenticator.AuthenticatorBase.invoke(AuthenticatorBase.java:482)
	at org.apache.catalina.core.StandardHostValve.invoke(StandardHostValve.java:113)
	at org.apache.catalina.valves.ErrorReportValve.invoke(ErrorReportValve.java:83)
	at org.apache.catalina.valves.AbstractAccessLogValve.invoke(AbstractAccessLogValve.java:654)
	at org.apache.catalina.core.StandardEngineValve.invoke(StandardEngineValve.java:72)
	at org.apache.catalina.connector.CoyoteAdapter.service(CoyoteAdapter.java:342)
	at org.apache.coyote.http11.Http11Processor.service(Http11Processor.java:399)
	at org.apache.coyote.AbstractProcessorLight.process(AbstractProcessorLight.java:63)
	at org.apache.coyote.AbstractProtocol$ConnectionHandler.process(AbstractProtocol.java:903)
	at org.apache.tomcat.util.net.NioEndpoint$SocketProcessor.doRun(NioEndpoint.java:1774)
	at org.apache.tomcat.util.net.SocketProcessorBase.run(SocketProcessorBase.java:52)
	at org.apache.tomcat.util.threads.ThreadPoolExecutor.runWorker(ThreadPoolExecutor.java:973)
	at org.apache.tomcat.util.threads.ThreadPoolExecutor$Worker.run(ThreadPoolExecutor.java:491)
	at org.apache.tomcat.util.threads.TaskThread$WrappingRunnable.run(TaskThread.java:63)
	at java.base/java.lang.Thread.run(Thread.java:1583)
Caused by: java.lang.IllegalStateException: Ambiguous mapping. Cannot map 'homeController' method 
org.mind.controller.HomeController#openLoginPage()
to {POST [/login]}: There is already 'homeController' bean method
org.mind.controller.HomeController#loginCheck(String, String, Model) mapped.
	at org.springframework.web.servlet.handler.AbstractHandlerMethodMapping$MappingRegistry.validateMethodMapping(AbstractHandlerMethodMapping.java:674)
	at org.springframework.web.servlet.handler.AbstractHandlerMethodMapping$MappingRegistry.register(AbstractHandlerMethodMapping.java:636)
	at org.springframework.web.servlet.handler.AbstractHandlerMethodMapping.registerHandlerMethod(AbstractHandlerMethodMapping.java:331)
	at org.springframework.web.servlet.mvc.method.annotation.RequestMappingHandlerMapping.registerHandlerMethod(RequestMappingHandlerMapping.java:508)
	at org.springframework.web.servlet.mvc.method.annotation.RequestMappingHandlerMapping.registerHandlerMethod(RequestMappingHandlerMapping.java:84)
	at org.springframework.web.servlet.handler.AbstractHandlerMethodMapping.lambda$detectHandlerMethods$2(AbstractHandlerMethodMapping.java:298)
	at java.base/java.util.LinkedHashMap.forEach(LinkedHashMap.java:986)
	at org.springframework.web.servlet.handler.AbstractHandlerMethodMapping.detectHandlerMethods(AbstractHandlerMethodMapping.java:296)
	at org.springframework.web.servlet.handler.AbstractHandlerMethodMapping.processCandidateBean(AbstractHandlerMethodMapping.java:265)
	at org.springframework.web.servlet.handler.AbstractHandlerMethodMapping.initHandlerMethods(AbstractHandlerMethodMapping.java:224)
	at org.springframework.web.servlet.handler.AbstractHandlerMethodMapping.afterPropertiesSet(AbstractHandlerMethodMapping.java:212)
	at org.springframework.web.servlet.mvc.method.annotation.RequestMappingHandlerMapping.afterPropertiesSet(RequestMappingHandlerMapping.java:239)
	at org.springframework.beans.factory.support.AbstractAutowireCapableBeanFactory.invokeInitMethods(AbstractAutowireCapableBeanFactory.java:1833)
	at org.springframework.beans.factory.support.AbstractAutowireCapableBeanFactory.initializeBean(AbstractAutowireCapableBeanFactory.java:1782)
	... 34 common frames omitted
2026-02-19 10:48:01 INFO  org.springframework.web.servlet.DispatcherServlet - Initializing Servlet 'dispatcher'
2026-02-19 10:48:01 WARN  org.springframework.web.context.support.AnnotationConfigWebApplicationContext - Exception encountered during context initialization - cancelling refresh attempt: org.springframework.beans.factory.BeanCreationException: Error creating bean with name 'requestMappingHandlerMapping' defined in org.springframework.web.servlet.config.annotation.DelegatingWebMvcConfiguration: Ambiguous mapping. Cannot map 'homeController' method 
org.mind.controller.HomeController#openLoginPage()
to {POST [/login]}: There is already 'homeController' bean method
org.mind.controller.HomeController#loginCheck(String, String, Model) mapped.
2026-02-19 10:48:01 ERROR org.springframework.web.servlet.DispatcherServlet - Context initialization failed
org.springframework.beans.factory.BeanCreationException: Error creating bean with name 'requestMappingHandlerMapping' defined in org.springframework.web.servlet.config.annotation.DelegatingWebMvcConfiguration: Ambiguous mapping. Cannot map 'homeController' method 
org.mind.controller.HomeController#openLoginPage()
to {POST [/login]}: There is already 'homeController' bean method
org.mind.controller.HomeController#loginCheck(String, String, Model) mapped.
	at org.springframework.beans.factory.support.AbstractAutowireCapableBeanFactory.initializeBean(AbstractAutowireCapableBeanFactory.java:1786)
	at org.springframework.beans.factory.support.AbstractAutowireCapableBeanFactory.doCreateBean(AbstractAutowireCapableBeanFactory.java:600)
	at org.springframework.beans.factory.support.AbstractAutowireCapableBeanFactory.createBean(AbstractAutowireCapableBeanFactory.java:522)
	at org.springframework.beans.factory.support.AbstractBeanFactory.lambda$doGetBean$0(AbstractBeanFactory.java:326)
	at org.springframework.beans.factory.support.DefaultSingletonBeanRegistry.getSingleton(DefaultSingletonBeanRegistry.java:234)
	at org.springframework.beans.factory.support.AbstractBeanFactory.doGetBean(AbstractBeanFactory.java:324)
	at org.springframework.beans.factory.support.AbstractBeanFactory.getBean(AbstractBeanFactory.java:200)
	at org.springframework.beans.factory.support.DefaultListableBeanFactory.preInstantiateSingletons(DefaultListableBeanFactory.java:975)
	at org.springframework.context.support.AbstractApplicationContext.finishBeanFactoryInitialization(AbstractApplicationContext.java:962)
	at org.springframework.context.support.AbstractApplicationContext.refresh(AbstractApplicationContext.java:624)
	at org.springframework.web.servlet.FrameworkServlet.configureAndRefreshWebApplicationContext(FrameworkServlet.java:706)
	at org.springframework.web.servlet.FrameworkServlet.initWebApplicationContext(FrameworkServlet.java:583)
	at org.springframework.web.servlet.FrameworkServlet.initServletBean(FrameworkServlet.java:537)
	at org.springframework.web.servlet.HttpServletBean.init(HttpServletBean.java:169)
	at jakarta.servlet.GenericServlet.init(GenericServlet.java:143)
	at jakarta.servlet.http.HttpServlet.init(HttpServlet.java:121)
	at org.apache.catalina.core.StandardWrapper.initServlet(StandardWrapper.java:840)
	at org.apache.catalina.core.StandardWrapper.allocate(StandardWrapper.java:591)
	at org.apache.catalina.core.StandardWrapperValve.invoke(StandardWrapperValve.java:113)
	at org.apache.catalina.core.StandardContextValve.invoke(StandardContextValve.java:88)
	at org.apache.catalina.authenticator.AuthenticatorBase.invoke(AuthenticatorBase.java:482)
	at org.apache.catalina.core.StandardHostValve.invoke(StandardHostValve.java:113)
	at org.apache.catalina.valves.ErrorReportValve.invoke(ErrorReportValve.java:83)
	at org.apache.catalina.valves.AbstractAccessLogValve.invoke(AbstractAccessLogValve.java:654)
	at org.apache.catalina.core.StandardEngineValve.invoke(StandardEngineValve.java:72)
	at org.apache.catalina.connector.CoyoteAdapter.service(CoyoteAdapter.java:342)
	at org.apache.coyote.http11.Http11Processor.service(Http11Processor.java:399)
	at org.apache.coyote.AbstractProcessorLight.process(AbstractProcessorLight.java:63)
	at org.apache.coyote.AbstractProtocol$ConnectionHandler.process(AbstractProtocol.java:903)
	at org.apache.tomcat.util.net.NioEndpoint$SocketProcessor.doRun(NioEndpoint.java:1774)
	at org.apache.tomcat.util.net.SocketProcessorBase.run(SocketProcessorBase.java:52)
	at org.apache.tomcat.util.threads.ThreadPoolExecutor.runWorker(ThreadPoolExecutor.java:973)
	at org.apache.tomcat.util.threads.ThreadPoolExecutor$Worker.run(ThreadPoolExecutor.java:491)
	at org.apache.tomcat.util.threads.TaskThread$WrappingRunnable.run(TaskThread.java:63)
	at java.base/java.lang.Thread.run(Thread.java:1583)
Caused by: java.lang.IllegalStateException: Ambiguous mapping. Cannot map 'homeController' method 
org.mind.controller.HomeController#openLoginPage()
to {POST [/login]}: There is already 'homeController' bean method
org.mind.controller.HomeController#loginCheck(String, String, Model) mapped.
	at org.springframework.web.servlet.handler.AbstractHandlerMethodMapping$MappingRegistry.validateMethodMapping(AbstractHandlerMethodMapping.java:674)
	at org.springframework.web.servlet.handler.AbstractHandlerMethodMapping$MappingRegistry.register(AbstractHandlerMethodMapping.java:636)
	at org.springframework.web.servlet.handler.AbstractHandlerMethodMapping.registerHandlerMethod(AbstractHandlerMethodMapping.java:331)
	at org.springframework.web.servlet.mvc.method.annotation.RequestMappingHandlerMapping.registerHandlerMethod(RequestMappingHandlerMapping.java:508)
	at org.springframework.web.servlet.mvc.method.annotation.RequestMappingHandlerMapping.registerHandlerMethod(RequestMappingHandlerMapping.java:84)
	at org.springframework.web.servlet.handler.AbstractHandlerMethodMapping.lambda$detectHandlerMethods$2(AbstractHandlerMethodMapping.java:298)
	at java.base/java.util.LinkedHashMap.forEach(LinkedHashMap.java:986)
	at org.springframework.web.servlet.handler.AbstractHandlerMethodMapping.detectHandlerMethods(AbstractHandlerMethodMapping.java:296)
	at org.springframework.web.servlet.handler.AbstractHandlerMethodMapping.processCandidateBean(AbstractHandlerMethodMapping.java:265)
	at org.springframework.web.servlet.handler.AbstractHandlerMethodMapping.initHandlerMethods(AbstractHandlerMethodMapping.java:224)
	at org.springframework.web.servlet.handler.AbstractHandlerMethodMapping.afterPropertiesSet(AbstractHandlerMethodMapping.java:212)
	at org.springframework.web.servlet.mvc.method.annotation.RequestMappingHandlerMapping.afterPropertiesSet(RequestMappingHandlerMapping.java:239)
	at org.springframework.beans.factory.support.AbstractAutowireCapableBeanFactory.invokeInitMethods(AbstractAutowireCapableBeanFactory.java:1833)
	at org.springframework.beans.factory.support.AbstractAutowireCapableBeanFactory.initializeBean(AbstractAutowireCapableBeanFactory.java:1782)
	... 34 common frames omitted
2026-02-19 10:48:09 INFO  org.springframework.web.servlet.DispatcherServlet - Initializing Servlet 'dispatcher'
2026-02-19 10:48:12 INFO  org.springframework.web.servlet.DispatcherServlet - Completed initialization in 2920 ms
2026-02-19 10:48:13 INFO  org.mind.controller.HomeController - Login page rendering 
2026-02-19 10:48:47 INFO  org.mind.controller.HomeController - Application loaded , logger implementation successfully 
2026-02-19 10:48:52 INFO  org.mind.controller.HomeController - Login page rendering 
2026-02-19 10:49:27 INFO  org.springframework.web.servlet.DispatcherServlet - Initializing Servlet 'dispatcher'
2026-02-19 10:49:29 INFO  org.springframework.web.servlet.DispatcherServlet - Completed initialization in 1413 ms
2026-02-19 10:50:19 INFO  org.springframework.web.servlet.DispatcherServlet - Initializing Servlet 'dispatcher'
2026-02-19 10:50:21 INFO  org.springframework.web.servlet.DispatcherServlet - Completed initialization in 1443 ms
2026-02-19 10:50:38 INFO  org.springframework.web.servlet.DispatcherServlet - Initializing Servlet 'dispatcher'
2026-02-19 10:50:39 INFO  org.springframework.web.servlet.DispatcherServlet - Completed initialization in 1401 ms
2026-02-19 10:51:17 INFO  org.springframework.web.servlet.DispatcherServlet - Initializing Servlet 'dispatcher'
2026-02-19 12:00:00 INFO  org.springframework.web.servlet.DispatcherServlet - Initializing Servlet 'dispatcher'
2026-02-19 12:00:02 INFO  org.springframework.web.servlet.DispatcherServlet - Completed initialization in 2258 ms
2026-02-19 12:00:14 WARN  org.springframework.web.servlet.PageNotFound - No mapping for GET /SpringSecurityRegistration/
2026-02-19 12:00:14 WARN  org.springframework.web.servlet.PageNotFound - No endpoint GET /SpringSecurityRegistration/.
2026-02-19 12:01:35 INFO  org.mind.controller.HomeController - Application loaded , logger implementation successfully 
2026-02-19 12:01:59 INFO  org.mind.controller.HomeController - Registration Successful
2026-02-19 12:15:01 INFO  org.springframework.web.servlet.DispatcherServlet - Initializing Servlet 'dispatcher'
2026-02-19 12:15:06 INFO  org.springframework.web.servlet.DispatcherServlet - Completed initialization in 4927 ms
2026-02-19 12:16:12 WARN  org.springframework.web.servlet.PageNotFound - No mapping for GET /SpringSecurityRegistration/
2026-02-19 12:16:12 WARN  org.springframework.web.servlet.PageNotFound - No endpoint GET /SpringSecurityRegistration/.
2026-02-19 12:20:20 INFO  org.mind.controller.HomeController - Application loaded , logger implementation successfully 
2026-02-19 12:21:07 INFO  org.mind.controller.HomeController - Application loaded , logger implementation successfully 
2026-02-19 12:21:23 INFO  org.mind.controller.HomeController - Application loaded , logger implementation successfully 
2026-02-19 12:26:04 INFO  org.springframework.web.servlet.DispatcherServlet - Initializing Servlet 'dispatcher'
2026-02-19 12:26:07 INFO  org.springframework.web.servlet.DispatcherServlet - Completed initialization in 2623 ms
2026-02-19 12:26:41 INFO  org.mind.controller.HomeController - Application loaded , logger implementation successfully 
2026-02-19 12:27:15 INFO  org.springframework.web.servlet.DispatcherServlet - Initializing Servlet 'dispatcher'
2026-02-19 12:27:17 INFO  org.springframework.web.servlet.DispatcherServlet - Completed initialization in 2698 ms
2026-02-19 12:27:52 INFO  org.springframework.web.servlet.DispatcherServlet - Initializing Servlet 'dispatcher'
2026-02-19 12:27:57 INFO  org.springframework.web.servlet.DispatcherServlet - Completed initialization in 4979 ms
2026-02-19 12:32:26 INFO  org.springframework.web.servlet.DispatcherServlet - Initializing Servlet 'dispatcher'
2026-02-19 12:32:29 INFO  org.springframework.web.servlet.DispatcherServlet - Completed initialization in 3006 ms
2026-02-19 12:32:54 INFO  org.springframework.web.servlet.DispatcherServlet - Initializing Servlet 'dispatcher'
2026-02-19 12:32:57 INFO  org.springframework.web.servlet.DispatcherServlet - Completed initialization in 2566 ms
2026-02-19 12:35:15 INFO  org.springframework.web.servlet.DispatcherServlet - Initializing Servlet 'dispatcher'
2026-02-19 12:35:18 INFO  org.springframework.web.servlet.DispatcherServlet - Completed initialization in 2493 ms
2026-02-19 12:35:32 INFO  org.mind.controller.HomeController - Application loaded , logger implementation successfully 
2026-02-19 12:35:48 INFO  org.mind.controller.HomeController - Registration Successful
2026-02-19 12:36:49 INFO  org.springframework.web.servlet.DispatcherServlet - Initializing Servlet 'dispatcher'
2026-02-19 12:36:55 INFO  org.springframework.web.servlet.DispatcherServlet - Completed initialization in 5314 ms
2026-02-19 12:36:55 WARN  org.springframework.web.servlet.mvc.support.DefaultHandlerExceptionResolver - Resolved [org.springframework.web.HttpRequestMethodNotSupportedException: Request method 'GET' is not supported]
2026-02-19 12:37:01 WARN  org.springframework.web.servlet.mvc.support.DefaultHandlerExceptionResolver - Resolved [org.springframework.web.HttpRequestMethodNotSupportedException: Request method 'GET' is not supported]
2026-02-19 12:37:10 INFO  org.mind.controller.HomeController - Application loaded , logger implementation successfully 
2026-02-19 12:37:12 WARN  org.springframework.web.servlet.mvc.support.DefaultHandlerExceptionResolver - Resolved [org.springframework.web.HttpRequestMethodNotSupportedException: Request method 'GET' is not supported]
2026-02-19 12:37:18 WARN  org.springframework.web.servlet.mvc.support.DefaultHandlerExceptionResolver - Resolved [org.springframework.web.HttpRequestMethodNotSupportedException: Request method 'GET' is not supported]
2026-02-19 12:37:34 INFO  org.mind.controller.HomeController - Application loaded , logger implementation successfully 
2026-02-19 12:37:35 INFO  org.mind.controller.HomeController - Application loaded , logger implementation successfully 
2026-02-19 12:37:37 WARN  org.springframework.web.servlet.mvc.support.DefaultHandlerExceptionResolver - Resolved [org.springframework.web.HttpRequestMethodNotSupportedException: Request method 'GET' is not supported]
2026-02-19 12:37:39 WARN  org.springframework.web.servlet.mvc.support.DefaultHandlerExceptionResolver - Resolved [org.springframework.web.HttpRequestMethodNotSupportedException: Request method 'GET' is not supported]
2026-02-19 12:37:39 WARN  org.springframework.web.servlet.mvc.support.DefaultHandlerExceptionResolver - Resolved [org.springframework.web.HttpRequestMethodNotSupportedException: Request method 'GET' is not supported]
2026-02-19 12:37:44 WARN  org.springframework.web.servlet.mvc.support.DefaultHandlerExceptionResolver - Resolved [org.springframework.web.HttpRequestMethodNotSupportedException: Request method 'GET' is not supported]
2026-02-19 12:38:51 INFO  org.springframework.web.servlet.DispatcherServlet - Initializing Servlet 'dispatcher'
2026-02-19 12:38:54 INFO  org.springframework.web.servlet.DispatcherServlet - Completed initialization in 2795 ms
2026-02-19 12:39:11 INFO  org.mind.controller.HomeController - Application loaded , logger implementation successfully 
2026-02-19 12:39:13 WARN  org.springframework.web.servlet.mvc.support.DefaultHandlerExceptionResolver - Resolved [org.springframework.web.HttpRequestMethodNotSupportedException: Request method 'GET' is not supported]
2026-02-19 12:39:48 INFO  org.mind.controller.HomeController - Application loaded , logger implementation successfully 
2026-02-19 12:39:54 WARN  org.springframework.web.servlet.mvc.support.DefaultHandlerExceptionResolver - Resolved [org.springframework.web.HttpRequestMethodNotSupportedException: Request method 'GET' is not supported]
2026-02-19 12:41:36 WARN  org.springframework.web.servlet.mvc.support.DefaultHandlerExceptionResolver - Resolved [org.springframework.web.HttpRequestMethodNotSupportedException: Request method 'GET' is not supported]
2026-02-19 12:41:37 WARN  org.springframework.web.servlet.mvc.support.DefaultHandlerExceptionResolver - Resolved [org.springframework.web.HttpRequestMethodNotSupportedException: Request method 'GET' is not supported]
2026-02-19 12:41:48 INFO  org.springframework.web.servlet.DispatcherServlet - Initializing Servlet 'dispatcher'
2026-02-19 12:41:51 INFO  org.springframework.web.servlet.DispatcherServlet - Completed initialization in 2909 ms
2026-02-19 12:41:59 WARN  org.springframework.web.servlet.mvc.support.DefaultHandlerExceptionResolver - Resolved [org.springframework.web.HttpRequestMethodNotSupportedException: Request method 'GET' is not supported]
2026-02-19 12:42:02 WARN  org.springframework.web.servlet.mvc.support.DefaultHandlerExceptionResolver - Resolved [org.springframework.web.HttpRequestMethodNotSupportedException: Request method 'GET' is not supported]
2026-02-19 12:42:03 WARN  org.springframework.web.servlet.mvc.support.DefaultHandlerExceptionResolver - Resolved [org.springframework.web.HttpRequestMethodNotSupportedException: Request method 'GET' is not supported]
2026-02-19 12:42:11 WARN  org.springframework.web.servlet.mvc.support.DefaultHandlerExceptionResolver - Resolved [org.springframework.web.HttpRequestMethodNotSupportedException: Request method 'GET' is not supported]
2026-02-19 12:44:28 INFO  org.springframework.web.servlet.DispatcherServlet - Initializing Servlet 'dispatcher'
2026-02-19 12:44:31 INFO  org.springframework.web.servlet.DispatcherServlet - Completed initialization in 2645 ms
2026-02-19 12:44:46 INFO  org.mind.controller.HomeController - Application loaded , logger implementation successfully 
2026-02-19 12:45:12 INFO  org.mind.controller.HomeController - Application loaded , logger implementation successfully 
2026-02-19 12:45:33 INFO  org.mind.controller.HomeController - Application loaded , logger implementation successfully 
2026-02-19 12:45:40 INFO  org.mind.controller.HomeController - Application loaded , logger implementation successfully 
2026-02-19 12:46:38 INFO  org.springframework.web.servlet.DispatcherServlet - Initializing Servlet 'dispatcher'
2026-02-19 12:46:44 INFO  org.springframework.web.servlet.DispatcherServlet - Completed initialization in 6000 ms
2026-02-19 12:46:45 WARN  org.springframework.web.servlet.PageNotFound - No mapping for GET /SpringSecurityRegistration/log
2026-02-19 12:46:45 WARN  org.springframework.web.servlet.PageNotFound - No endpoint GET /SpringSecurityRegistration/log.
2026-02-19 12:46:45 INFO  org.mind.controller.HomeController - Application loaded , logger implementation successfully 
2026-02-19 12:46:49 WARN  org.springframework.web.servlet.mvc.support.DefaultHandlerExceptionResolver - Resolved [org.springframework.web.HttpRequestMethodNotSupportedException: Request method 'GET' is not supported]
2026-02-19 12:47:06 INFO  org.mind.controller.HomeController - Application loaded , logger implementation successfully 
2026-02-19 12:47:08 WARN  org.springframework.web.servlet.mvc.support.DefaultHandlerExceptionResolver - Resolved [org.springframework.web.HttpRequestMethodNotSupportedException: Request method 'GET' is not supported]
2026-02-19 12:47:11 WARN  org.springframework.web.servlet.PageNotFound - No mapping for GET /SpringSecurityRegistration/log
2026-02-19 12:47:11 WARN  org.springframework.web.servlet.PageNotFound - No endpoint GET /SpringSecurityRegistration/log.
2026-02-19 12:47:23 INFO  org.springframework.web.servlet.DispatcherServlet - Initializing Servlet 'dispatcher'
2026-02-19 12:47:28 INFO  org.springframework.web.servlet.DispatcherServlet - Completed initialization in 4372 ms
2026-02-19 12:47:28 WARN  org.springframework.web.servlet.PageNotFound - No mapping for GET /SpringSecurityRegistration/
2026-02-19 12:47:28 WARN  org.springframework.web.servlet.PageNotFound - No endpoint GET /SpringSecurityRegistration/.
2026-02-19 12:47:43 WARN  org.springframework.web.servlet.PageNotFound - No mapping for GET /SpringSecurityRegistration/
2026-02-19 12:47:43 WARN  org.springframework.web.servlet.PageNotFound - No endpoint GET /SpringSecurityRegistration/.
2026-02-19 12:47:45 WARN  org.springframework.web.servlet.PageNotFound - No mapping for GET /SpringSecurityRegistration/
2026-02-19 12:47:45 WARN  org.springframework.web.servlet.PageNotFound - No endpoint GET /SpringSecurityRegistration/.
2026-02-19 12:47:48 INFO  org.mind.controller.HomeController - Application loaded , logger implementation successfully 
2026-02-19 12:47:52 INFO  org.mind.controller.HomeController - Application loaded , logger implementation successfully 
2026-02-19 12:48:06 INFO  org.springframework.web.servlet.DispatcherServlet - Initializing Servlet 'dispatcher'
2026-02-19 12:48:11 INFO  org.springframework.web.servlet.DispatcherServlet - Completed initialization in 5015 ms
2026-02-19 12:48:11 WARN  org.springframework.web.servlet.mvc.support.DefaultHandlerExceptionResolver - Resolved [org.springframework.web.HttpRequestMethodNotSupportedException: Request method 'GET' is not supported]
2026-02-19 12:48:36 WARN  org.springframework.web.servlet.mvc.support.DefaultHandlerExceptionResolver - Resolved [org.springframework.web.HttpRequestMethodNotSupportedException: Request method 'GET' is not supported]
2026-02-19 12:48:38 WARN  org.springframework.web.servlet.mvc.support.DefaultHandlerExceptionResolver - Resolved [org.springframework.web.HttpRequestMethodNotSupportedException: Request method 'GET' is not supported]
2026-02-19 12:48:40 INFO  org.mind.controller.HomeController - Application loaded , logger implementation successfully 
2026-02-19 12:48:51 INFO  org.mind.controller.HomeController - Application loaded , logger implementation successfully 
2026-02-19 12:48:55 INFO  org.mind.controller.HomeController - Application loaded , logger implementation successfully 
2026-02-19 12:48:58 INFO  org.mind.controller.HomeController - Application loaded , logger implementation successfully 
2026-02-19 12:49:01 INFO  org.mind.controller.HomeController - Application loaded , logger implementation successfully 
2026-02-19 12:54:43 INFO  org.springframework.web.servlet.DispatcherServlet - Initializing Servlet 'dispatcher'
2026-02-19 12:54:45 INFO  org.springframework.web.servlet.DispatcherServlet - Completed initialization in 2724 ms
2026-02-19 12:57:16 ERROR org.mind.controller.HomeController - Login Failed
2026-02-19 12:57:35 ERROR org.mind.controller.HomeController - Login Failed
2026-02-19 12:57:57 ERROR org.mind.controller.HomeController - Login Failed
2026-02-19 12:58:05 ERROR org.mind.controller.HomeController - Login Failed
2026-02-19 12:58:18 ERROR org.mind.controller.HomeController - Login Failed
2026-02-19 12:58:20 INFO  org.mind.controller.HomeController - Application loaded , logger implementation successfully 
2026-02-19 12:58:53 INFO  org.mind.controller.HomeController - Application loaded , logger implementation successfully 
2026-02-19 12:59:15 INFO  org.mind.controller.HomeController - Registration Successful
